;  LST file generated by mikroListExporter - v.2.0 
; Date/Time: 2/27/2023 8:10:53 PM
;----------------------------------------------

;Address Opcode 	ASM
0x0000	0x2BB9      	GOTO       953
_interrupt:
0x0004	0x00FF      	MOVWF      R15
0x0005	0x0E03      	SWAPF      STATUS, 0
0x0006	0x0183      	CLRF       STATUS
0x0007	0x1683      	BSF        STATUS, 5
0x0008	0x00BC      	MOVWF      ___saveSTATUS
0x0009	0x080A      	MOVF       PCLATH, 0
0x000A	0x00BB      	MOVWF      ___savePCLATH
0x000B	0x018A      	CLRF       PCLATH
0x000C	0x0870      	MOVF       R0, 0
0x000D	0x1283      	BCF        STATUS, 5
0x000E	0x00A0      	MOVWF      32
;Clock.c,76 :: 		void interrupt (){
;Clock.c,77 :: 		if(TMR0IF_bit== 1){
0x000F	0x1D0B      	BTFSS      TMR0IF_bit, BitPos(TMR0IF_bit+0)
0x0010	0x2826      	GOTO       L_interrupt6
;Clock.c,78 :: 		overflows++;
0x0011	0x0AEB      	INCF       _overflows, 1
0x0012	0x1903      	BTFSC      STATUS, 2
0x0013	0x0AEC      	INCF       _overflows+1, 1
;Clock.c,79 :: 		if(overflows==245){
0x0014	0x3000      	MOVLW      0
0x0015	0x066C      	XORWF      _overflows+1, 0
0x0016	0x1D03      	BTFSS      STATUS, 2
0x0017	0x281A      	GOTO       L__interrupt44
0x0018	0x30F5      	MOVLW      245
0x0019	0x066B      	XORWF      _overflows, 0
L__interrupt44:
0x001A	0x1D03      	BTFSS      STATUS, 2
0x001B	0x2825      	GOTO       L_interrupt7
;Clock.c,80 :: 		halfsec++;       //Calculating accurate values using TMR0 and interrrupts
0x001C	0x1683      	BSF        STATUS, 5
0x001D	0x0AA0      	INCF       _halfsec, 1
0x001E	0x1903      	BTFSC      STATUS, 2
0x001F	0x0AA1      	INCF       _halfsec+1, 1
;Clock.c,81 :: 		overflows = 0;
0x0020	0x1283      	BCF        STATUS, 5
0x0021	0x01EB      	CLRF       _overflows
0x0022	0x01EC      	CLRF       _overflows+1
;Clock.c,82 :: 		TMR0= 220;
0x0023	0x30DC      	MOVLW      220
0x0024	0x0081      	MOVWF      TMR0
;Clock.c,83 :: 		}
L_interrupt7:
;Clock.c,84 :: 		TMR0IF_bit = 0;
0x0025	0x110B      	BCF        TMR0IF_bit, BitPos(TMR0IF_bit+0)
;Clock.c,85 :: 		}
L_interrupt6:
;Clock.c,87 :: 		if(INTF_bit==1){
0x0026	0x1C8B      	BTFSS      INTF_bit, BitPos(INTF_bit+0)
0x0027	0x282A      	GOTO       L_interrupt8
;Clock.c,88 :: 		reset();
0x0028	0x23A5      	CALL       _reset
;Clock.c,89 :: 		INTF_bit=0;
0x0029	0x108B      	BCF        INTF_bit, BitPos(INTF_bit+0)
;Clock.c,90 :: 		}
L_interrupt8:
;Clock.c,91 :: 		}
L_end_interrupt:
L__interrupt43:
0x002A	0x1283      	BCF        STATUS, 5
0x002B	0x0820      	MOVF       32, 0
0x002C	0x00F0      	MOVWF      R0
0x002D	0x1683      	BSF        STATUS, 5
0x002E	0x083B      	MOVF       ___savePCLATH, 0
0x002F	0x008A      	MOVWF      PCLATH
0x0030	0x0E3C      	SWAPF      ___saveSTATUS, 0
0x0031	0x0083      	MOVWF      STATUS
0x0032	0x0EFF      	SWAPF      R15, 1
0x0033	0x0E7F      	SWAPF      R15, 0
0x0034	0x0009      	RETFIE
; end of _interrupt
_Delay_1us:
;__Lib_Delays.c,7 :: 		void Delay_1us() {
;__Lib_Delays.c,8 :: 		Delay_us(1);
0x0035	0x0000      	NOP
;__Lib_Delays.c,9 :: 		}
L_end_Delay_1us:
0x0036	0x0008      	RETURN
; end of _Delay_1us
_Delay_5500us:
;__Lib_Delays.c,31 :: 		void Delay_5500us() {
;__Lib_Delays.c,32 :: 		Delay_us(5500);
0x0037	0x3008      	MOVLW      8
0x0038	0x1283      	BCF        STATUS, 5
0x0039	0x1303      	BCF        STATUS, 6
0x003A	0x00FC      	MOVWF      R12
0x003B	0x3023      	MOVLW      35
0x003C	0x00FD      	MOVWF      R13
L_Delay_5500us5:
0x003D	0x0BFD      	DECFSZ     R13, 1
0x003E	0x283D      	GOTO       L_Delay_5500us5
0x003F	0x0BFC      	DECFSZ     R12, 1
0x0040	0x283D      	GOTO       L_Delay_5500us5
;__Lib_Delays.c,33 :: 		}
L_end_Delay_5500us:
0x0041	0x0008      	RETURN
; end of _Delay_5500us
_Delay_50us:
;__Lib_Delays.c,19 :: 		void Delay_50us() {
;__Lib_Delays.c,20 :: 		Delay_us(50);
0x0042	0x3010      	MOVLW      16
0x0043	0x1283      	BCF        STATUS, 5
0x0044	0x1303      	BCF        STATUS, 6
0x0045	0x00FD      	MOVWF      R13
L_Delay_50us2:
0x0046	0x0BFD      	DECFSZ     R13, 1
0x0047	0x2846      	GOTO       L_Delay_50us2
0x0048	0x0000      	NOP
;__Lib_Delays.c,21 :: 		}
L_end_Delay_50us:
0x0049	0x0008      	RETURN
; end of _Delay_50us
_Lcd_Cmd:
;__Lib_Lcd.c,18 :: 		
;__Lib_Lcd.c,20 :: 		
0x004A	0x1683      	BSF        STATUS, 5
0x004B	0x1303      	BCF        STATUS, 6
0x004C	0x1BC2      	BTFSC      FARG_Lcd_Cmd_out_char, 7
0x004D	0x2851      	GOTO       L__Lcd_Cmd21
0x004E	0x1283      	BCF        STATUS, 5
0x004F	0x1287      	BCF        LCD_D7, BitPos(LCD_D7+0)
0x0050	0x2853      	GOTO       L__Lcd_Cmd22
L__Lcd_Cmd21:
0x0051	0x1283      	BCF        STATUS, 5
0x0052	0x1687      	BSF        LCD_D7, BitPos(LCD_D7+0)
L__Lcd_Cmd22:
;__Lib_Lcd.c,21 :: 		
0x0053	0x1683      	BSF        STATUS, 5
0x0054	0x1B42      	BTFSC      FARG_Lcd_Cmd_out_char, 6
0x0055	0x2859      	GOTO       L__Lcd_Cmd23
0x0056	0x1283      	BCF        STATUS, 5
0x0057	0x1207      	BCF        LCD_D6, BitPos(LCD_D6+0)
0x0058	0x285B      	GOTO       L__Lcd_Cmd24
L__Lcd_Cmd23:
0x0059	0x1283      	BCF        STATUS, 5
0x005A	0x1607      	BSF        LCD_D6, BitPos(LCD_D6+0)
L__Lcd_Cmd24:
;__Lib_Lcd.c,22 :: 		
0x005B	0x1683      	BSF        STATUS, 5
0x005C	0x1AC2      	BTFSC      FARG_Lcd_Cmd_out_char, 5
0x005D	0x2861      	GOTO       L__Lcd_Cmd25
0x005E	0x1283      	BCF        STATUS, 5
0x005F	0x1187      	BCF        LCD_D5, BitPos(LCD_D5+0)
0x0060	0x2863      	GOTO       L__Lcd_Cmd26
L__Lcd_Cmd25:
0x0061	0x1283      	BCF        STATUS, 5
0x0062	0x1587      	BSF        LCD_D5, BitPos(LCD_D5+0)
L__Lcd_Cmd26:
;__Lib_Lcd.c,23 :: 		
0x0063	0x1683      	BSF        STATUS, 5
0x0064	0x1A42      	BTFSC      FARG_Lcd_Cmd_out_char, 4
0x0065	0x2869      	GOTO       L__Lcd_Cmd27
0x0066	0x1283      	BCF        STATUS, 5
0x0067	0x1107      	BCF        LCD_D4, BitPos(LCD_D4+0)
0x0068	0x286B      	GOTO       L__Lcd_Cmd28
L__Lcd_Cmd27:
0x0069	0x1283      	BCF        STATUS, 5
0x006A	0x1507      	BSF        LCD_D4, BitPos(LCD_D4+0)
L__Lcd_Cmd28:
;__Lib_Lcd.c,25 :: 		
0x006B	0x186F      	BTFSC      __Lib_Lcd_cmd_status, BitPos(__Lib_Lcd_cmd_status+0)
0x006C	0x286F      	GOTO       L__Lcd_Cmd29
0x006D	0x1407      	BSF        LCD_RS, BitPos(LCD_RS+0)
0x006E	0x2870      	GOTO       L__Lcd_Cmd30
L__Lcd_Cmd29:
0x006F	0x1007      	BCF        LCD_RS, BitPos(LCD_RS+0)
L__Lcd_Cmd30:
;__Lib_Lcd.c,28 :: 		
0x0070	0x1487      	BSF        LCD_EN, BitPos(LCD_EN+0)
;__Lib_Lcd.c,29 :: 		
0x0071	0x2035      	CALL       _Delay_1us
;__Lib_Lcd.c,30 :: 		
0x0072	0x1087      	BCF        LCD_EN, BitPos(LCD_EN+0)
;__Lib_Lcd.c,33 :: 		
0x0073	0x1683      	BSF        STATUS, 5
0x0074	0x19C2      	BTFSC      FARG_Lcd_Cmd_out_char, 3
0x0075	0x2879      	GOTO       L__Lcd_Cmd31
0x0076	0x1283      	BCF        STATUS, 5
0x0077	0x1287      	BCF        LCD_D7, BitPos(LCD_D7+0)
0x0078	0x287B      	GOTO       L__Lcd_Cmd32
L__Lcd_Cmd31:
0x0079	0x1283      	BCF        STATUS, 5
0x007A	0x1687      	BSF        LCD_D7, BitPos(LCD_D7+0)
L__Lcd_Cmd32:
;__Lib_Lcd.c,34 :: 		
0x007B	0x1683      	BSF        STATUS, 5
0x007C	0x1942      	BTFSC      FARG_Lcd_Cmd_out_char, 2
0x007D	0x2881      	GOTO       L__Lcd_Cmd33
0x007E	0x1283      	BCF        STATUS, 5
0x007F	0x1207      	BCF        LCD_D6, BitPos(LCD_D6+0)
0x0080	0x2883      	GOTO       L__Lcd_Cmd34
L__Lcd_Cmd33:
0x0081	0x1283      	BCF        STATUS, 5
0x0082	0x1607      	BSF        LCD_D6, BitPos(LCD_D6+0)
L__Lcd_Cmd34:
;__Lib_Lcd.c,35 :: 		
0x0083	0x1683      	BSF        STATUS, 5
0x0084	0x18C2      	BTFSC      FARG_Lcd_Cmd_out_char, 1
0x0085	0x2889      	GOTO       L__Lcd_Cmd35
0x0086	0x1283      	BCF        STATUS, 5
0x0087	0x1187      	BCF        LCD_D5, BitPos(LCD_D5+0)
0x0088	0x288B      	GOTO       L__Lcd_Cmd36
L__Lcd_Cmd35:
0x0089	0x1283      	BCF        STATUS, 5
0x008A	0x1587      	BSF        LCD_D5, BitPos(LCD_D5+0)
L__Lcd_Cmd36:
;__Lib_Lcd.c,36 :: 		
0x008B	0x1683      	BSF        STATUS, 5
0x008C	0x1842      	BTFSC      FARG_Lcd_Cmd_out_char, 0
0x008D	0x2891      	GOTO       L__Lcd_Cmd37
0x008E	0x1283      	BCF        STATUS, 5
0x008F	0x1107      	BCF        LCD_D4, BitPos(LCD_D4+0)
0x0090	0x2893      	GOTO       L__Lcd_Cmd38
L__Lcd_Cmd37:
0x0091	0x1283      	BCF        STATUS, 5
0x0092	0x1507      	BSF        LCD_D4, BitPos(LCD_D4+0)
L__Lcd_Cmd38:
;__Lib_Lcd.c,38 :: 		
0x0093	0x186F      	BTFSC      __Lib_Lcd_cmd_status, BitPos(__Lib_Lcd_cmd_status+0)
0x0094	0x2897      	GOTO       L__Lcd_Cmd39
0x0095	0x1407      	BSF        LCD_RS, BitPos(LCD_RS+0)
0x0096	0x2898      	GOTO       L__Lcd_Cmd40
L__Lcd_Cmd39:
0x0097	0x1007      	BCF        LCD_RS, BitPos(LCD_RS+0)
L__Lcd_Cmd40:
;__Lib_Lcd.c,40 :: 		
0x0098	0x1487      	BSF        LCD_EN, BitPos(LCD_EN+0)
;__Lib_Lcd.c,41 :: 		
0x0099	0x2035      	CALL       _Delay_1us
;__Lib_Lcd.c,42 :: 		
0x009A	0x1087      	BCF        LCD_EN, BitPos(LCD_EN+0)
;__Lib_Lcd.c,44 :: 		
0x009B	0x1C6F      	BTFSS      __Lib_Lcd_cmd_status, BitPos(__Lib_Lcd_cmd_status+0)
0x009C	0x289F      	GOTO       L_Lcd_Cmd0
;__Lib_Lcd.c,45 :: 		
0x009D	0x2037      	CALL       _Delay_5500us
0x009E	0x28A0      	GOTO       L_Lcd_Cmd1
L_Lcd_Cmd0:
;__Lib_Lcd.c,47 :: 		
0x009F	0x2042      	CALL       _Delay_50us
L_Lcd_Cmd1:
;__Lib_Lcd.c,48 :: 		
L_end_Lcd_Cmd:
0x00A0	0x0008      	RETURN
; end of _Lcd_Cmd
_Lcd_Chr_CP:
;__Lib_Lcd.c,50 :: 		
;__Lib_Lcd.c,52 :: 		
0x00A1	0x1283      	BCF        STATUS, 5
0x00A2	0x1303      	BCF        STATUS, 6
0x00A3	0x106F      	BCF        __Lib_Lcd_cmd_status, BitPos(__Lib_Lcd_cmd_status+0)
;__Lib_Lcd.c,53 :: 		
0x00A4	0x1683      	BSF        STATUS, 5
0x00A5	0x0841      	MOVF       FARG_Lcd_Chr_CP_out_char, 0
0x00A6	0x00C2      	MOVWF      FARG_Lcd_Cmd_out_char
0x00A7	0x204A      	CALL       _Lcd_Cmd
;__Lib_Lcd.c,54 :: 		
0x00A8	0x146F      	BSF        __Lib_Lcd_cmd_status, BitPos(__Lib_Lcd_cmd_status+0)
;__Lib_Lcd.c,55 :: 		
L_end_Lcd_Chr_CP:
0x00A9	0x0008      	RETURN
; end of _Lcd_Chr_CP
_Div_16x16_S_L:
;__Lib_Math.c,421 :: 		
;__Lib_Math.c,427 :: 		
0x00AA	0x0D71      	RLF        R1, 0
;__Lib_Math.c,428 :: 		
0x00AB	0x0DF8      	RLF        R8, 1
;__Lib_Math.c,429 :: 		
0x00AC	0x0DF9      	RLF        R9, 1
;__Lib_Math.c,430 :: 		
0x00AD	0x0874      	MOVF       R4, 0
;__Lib_Math.c,431 :: 		
0x00AE	0x02F8      	SUBWF      R8, 1
;__Lib_Math.c,432 :: 		
0x00AF	0x0875      	MOVF       R5, 0
;__Lib_Math.c,433 :: 		
0x00B0	0x1C03      	BTFSS      STATUS, 0
;__Lib_Math.c,434 :: 		
0x00B1	0x0F75      	INCFSZ     R5, 0
;__Lib_Math.c,435 :: 		
0x00B2	0x02F9      	SUBWF      R9, 1
;__Lib_Math.c,436 :: 		
0x00B3	0x0DF0      	RLF        R0, 1
;__Lib_Math.c,437 :: 		
0x00B4	0x0DF1      	RLF        R1, 1
;__Lib_Math.c,439 :: 		
0x00B5	0x300F      	MOVLW      15
;__Lib_Math.c,440 :: 		
0x00B6	0x00FC      	MOVWF      R12
;__Lib_Math.c,442 :: 		
0x00B7	0x0D71      	RLF        R1, 0
;__Lib_Math.c,443 :: 		
0x00B8	0x0DF8      	RLF        R8, 1
;__Lib_Math.c,444 :: 		
0x00B9	0x0DF9      	RLF        R9, 1
;__Lib_Math.c,445 :: 		
0x00BA	0x0874      	MOVF       R4, 0
;__Lib_Math.c,447 :: 		
0x00BB	0x1C70      	BTFSS      R0, 0
;__Lib_Math.c,448 :: 		
0x00BC	0x28C3      	GOTO       $+7
;__Lib_Math.c,449 :: 		
0x00BD	0x02F8      	SUBWF      R8, 1
;__Lib_Math.c,450 :: 		
0x00BE	0x0875      	MOVF       R5, 0
;__Lib_Math.c,451 :: 		
0x00BF	0x1C03      	BTFSS      STATUS, 0
;__Lib_Math.c,452 :: 		
0x00C0	0x0F75      	INCFSZ     R5, 0
;__Lib_Math.c,453 :: 		
0x00C1	0x02F9      	SUBWF      R9, 1
;__Lib_Math.c,454 :: 		
0x00C2	0x28C8      	GOTO       $+6
;__Lib_Math.c,456 :: 		
0x00C3	0x07F8      	ADDWF      R8, 1
;__Lib_Math.c,457 :: 		
0x00C4	0x0875      	MOVF       R5, 0
;__Lib_Math.c,458 :: 		
0x00C5	0x1803      	BTFSC      STATUS, 0
;__Lib_Math.c,459 :: 		
0x00C6	0x0F75      	INCFSZ     R5, 0
;__Lib_Math.c,460 :: 		
0x00C7	0x07F9      	ADDWF      R9, 1
;__Lib_Math.c,462 :: 		
0x00C8	0x0DF0      	RLF        R0, 1
;__Lib_Math.c,463 :: 		
0x00C9	0x0DF1      	RLF        R1, 1
;__Lib_Math.c,465 :: 		
0x00CA	0x0BFC      	DECFSZ     R12, 1
;__Lib_Math.c,466 :: 		
0x00CB	0x28B7      	GOTO       $-20
;__Lib_Math.c,468 :: 		
0x00CC	0x1870      	BTFSC      R0, 0
;__Lib_Math.c,469 :: 		
0x00CD	0x28D4      	GOTO       $+7
;__Lib_Math.c,470 :: 		
0x00CE	0x0874      	MOVF       R4, 0
;__Lib_Math.c,471 :: 		
0x00CF	0x07F8      	ADDWF      R8, 1
;__Lib_Math.c,472 :: 		
0x00D0	0x0875      	MOVF       R5, 0
;__Lib_Math.c,473 :: 		
0x00D1	0x1803      	BTFSC      STATUS, 0
;__Lib_Math.c,474 :: 		
0x00D2	0x0F75      	INCFSZ     R5, 0
;__Lib_Math.c,475 :: 		
0x00D3	0x07F9      	ADDWF      R9, 1
;__Lib_Math.c,476 :: 		
0x00D4	0x0000      	NOP
;__Lib_Math.c,478 :: 		
L_end_Div_16x16_S_L:
0x00D5	0x0008      	RETURN
; end of _Div_16x16_S_L
_____DoICP:
;__Lib_System.c,6 :: 		
;__Lib_System.c,9 :: 		
0x00D6	0x1683      	BSF        STATUS, 5
0x00D7	0x1303      	BCF        STATUS, 6
0x00D8	0x083A      	MOVF       ___DoICPAddr+1, 0
0x00D9	0x008A      	MOVWF      PCLATH
;__Lib_System.c,10 :: 		
0x00DA	0x0839      	MOVF       ___DoICPAddr, 0
0x00DB	0x0082      	MOVWF      PCL
;__Lib_System.c,12 :: 		
L_end_____DoICP:
0x00DC	0x0008      	RETURN
; end of _____DoICP
_Div_16x16_S:
;__Lib_Math.c,480 :: 		
;__Lib_Math.c,488 :: 		
0x00DD	0x1283      	BCF        STATUS, 5
0x00DE	0x1303      	BCF        STATUS, 6
0x00DF	0x0874      	MOVF       R4, 0
0x00E0	0x3A00      	XORLW      0
0x00E1	0x1D03      	BTFSS      STATUS, 2
0x00E2	0x28EC      	GOTO       L_Div_16x16_S0
;__Lib_Math.c,489 :: 		
0x00E3	0x0875      	MOVF       R5, 0
0x00E4	0x3A00      	XORLW      0
0x00E5	0x1D03      	BTFSS      STATUS, 2
0x00E6	0x28EC      	GOTO       L_Div_16x16_S1
;__Lib_Math.c,490 :: 		
0x00E7	0x30FF      	MOVLW      255
0x00E8	0x00F0      	MOVWF      R0
;__Lib_Math.c,491 :: 		
0x00E9	0x307F      	MOVLW      127
0x00EA	0x00F1      	MOVWF      R1
;__Lib_Math.c,492 :: 		
0x00EB	0x2945      	GOTO       L_end_Div_16x16_S
;__Lib_Math.c,493 :: 		
L_Div_16x16_S1:
L_Div_16x16_S0:
;__Lib_Math.c,496 :: 		
0x00EC	0x1283      	BCF        STATUS, 5
;__Lib_Math.c,497 :: 		
0x00ED	0x1303      	BCF        STATUS, 6
;__Lib_Math.c,498 :: 		
0x00EE	0x01FD      	CLRF       R13
;__Lib_Math.c,499 :: 		
0x00EF	0x01F9      	CLRF       R9
;__Lib_Math.c,500 :: 		
0x00F0	0x01F8      	CLRF       R8
;__Lib_Math.c,501 :: 		
0x00F1	0x0871      	MOVF       R1, 0
;__Lib_Math.c,502 :: 		
0x00F2	0x0470      	IORWF      R0, 0
;__Lib_Math.c,503 :: 		
0x00F3	0x1903      	BTFSC      STATUS, 2
;__Lib_Math.c,504 :: 		
0x00F4	0x3400      	RETLW      0
;__Lib_Math.c,506 :: 		
0x00F5	0x0871      	MOVF       R1, 0
;__Lib_Math.c,507 :: 		
0x00F6	0x0675      	XORWF      R5, 0
;__Lib_Math.c,508 :: 		
0x00F7	0x00FA      	MOVWF      R10
;__Lib_Math.c,509 :: 		
0x00F8	0x1BFA      	BTFSC      R10, 7
;__Lib_Math.c,510 :: 		
0x00F9	0x09FD      	COMF       R13, 1
;__Lib_Math.c,512 :: 		
0x00FA	0x01FB      	CLRF       R11
;__Lib_Math.c,514 :: 		
0x00FB	0x1FF5      	BTFSS      R5, 7
;__Lib_Math.c,515 :: 		
0x00FC	0x2902      	GOTO       $+6
;__Lib_Math.c,517 :: 		
0x00FD	0x09F4      	COMF       R4, 1
;__Lib_Math.c,518 :: 		
0x00FE	0x09F5      	COMF       R5, 1
;__Lib_Math.c,519 :: 		
0x00FF	0x0AF4      	INCF       R4, 1
;__Lib_Math.c,520 :: 		
0x0100	0x1903      	BTFSC      STATUS, 2
;__Lib_Math.c,521 :: 		
0x0101	0x0AF5      	INCF       R5, 1
;__Lib_Math.c,523 :: 		
0x0102	0x1FF1      	BTFSS      R1, 7
;__Lib_Math.c,524 :: 		
0x0103	0x2909      	GOTO       $+6
;__Lib_Math.c,526 :: 		
0x0104	0x09F0      	COMF       R0, 1
;__Lib_Math.c,527 :: 		
0x0105	0x09F1      	COMF       R1, 1
;__Lib_Math.c,528 :: 		
0x0106	0x0AF0      	INCF       R0, 1
;__Lib_Math.c,529 :: 		
0x0107	0x1903      	BTFSC      STATUS, 2
;__Lib_Math.c,530 :: 		
0x0108	0x0AF1      	INCF       R1, 1
;__Lib_Math.c,532 :: 		
0x0109	0x0871      	MOVF       R1, 0
;__Lib_Math.c,533 :: 		
0x010A	0x0475      	IORWF      R5, 0
;__Lib_Math.c,534 :: 		
0x010B	0x00FA      	MOVWF      R10
;__Lib_Math.c,535 :: 		
0x010C	0x1BFA      	BTFSC      R10, 7
;__Lib_Math.c,536 :: 		
0x010D	0x291E      	GOTO       $+17
;__Lib_Math.c,538 :: 		
0x010E	0x20AA      	CALL       _Div_16x16_S_L
;__Lib_Math.c,540 :: 		
0x010F	0x187B      	BTFSC      R11, 0
;__Lib_Math.c,541 :: 		
0x0110	0x2931      	GOTO       $+33
;__Lib_Math.c,543 :: 		
0x0111	0x1FFD      	BTFSS      R13, 7
;__Lib_Math.c,544 :: 		
0x0112	0x3400      	RETLW      0
;__Lib_Math.c,546 :: 		
0x0113	0x09F0      	COMF       R0, 1
;__Lib_Math.c,547 :: 		
0x0114	0x09F1      	COMF       R1, 1
;__Lib_Math.c,548 :: 		
0x0115	0x0AF0      	INCF       R0, 1
;__Lib_Math.c,549 :: 		
0x0116	0x1903      	BTFSC      STATUS, 2
;__Lib_Math.c,550 :: 		
0x0117	0x0AF1      	INCF       R1, 1
;__Lib_Math.c,552 :: 		
0x0118	0x09F8      	COMF       R8, 1
;__Lib_Math.c,553 :: 		
0x0119	0x09F9      	COMF       R9, 1
;__Lib_Math.c,554 :: 		
0x011A	0x0AF8      	INCF       R8, 1
;__Lib_Math.c,555 :: 		
0x011B	0x1903      	BTFSC      STATUS, 2
;__Lib_Math.c,556 :: 		
0x011C	0x0AF9      	INCF       R9, 1
;__Lib_Math.c,558 :: 		
0x011D	0x3400      	RETLW      0
;__Lib_Math.c,560 :: 		
0x011E	0x1FF5      	BTFSS      R5, 7
;__Lib_Math.c,561 :: 		
0x011F	0x292D      	GOTO       $+14
;__Lib_Math.c,562 :: 		
0x0120	0x1BF1      	BTFSC      R1, 7
;__Lib_Math.c,563 :: 		
0x0121	0x2929      	GOTO       $+8
;__Lib_Math.c,564 :: 		
0x0122	0x0871      	MOVF       R1, 0
;__Lib_Math.c,565 :: 		
0x0123	0x00F9      	MOVWF      R9
;__Lib_Math.c,566 :: 		
0x0124	0x0870      	MOVF       R0, 0
;__Lib_Math.c,567 :: 		
0x0125	0x00F8      	MOVWF      R8
;__Lib_Math.c,568 :: 		
0x0126	0x01F1      	CLRF       R1
;__Lib_Math.c,569 :: 		
0x0127	0x01F0      	CLRF       R0
;__Lib_Math.c,570 :: 		
0x0128	0x2911      	GOTO       $-23
;__Lib_Math.c,571 :: 		
0x0129	0x01F1      	CLRF       R1
;__Lib_Math.c,572 :: 		
0x012A	0x01F0      	CLRF       R0
;__Lib_Math.c,573 :: 		
0x012B	0x0AF0      	INCF       R0, 1
;__Lib_Math.c,574 :: 		
0x012C	0x3400      	RETLW      0
;__Lib_Math.c,576 :: 		
0x012D	0x09F1      	COMF       R1, 1
;__Lib_Math.c,577 :: 		
0x012E	0x09F0      	COMF       R0, 1
;__Lib_Math.c,578 :: 		
0x012F	0x0AFB      	INCF       R11, 1
;__Lib_Math.c,579 :: 		
0x0130	0x290E      	GOTO       $-34
;__Lib_Math.c,581 :: 		
0x0131	0x0AF8      	INCF       R8, 1
;__Lib_Math.c,582 :: 		
0x0132	0x1903      	BTFSC      STATUS, 2
;__Lib_Math.c,583 :: 		
0x0133	0x0AF9      	INCF       R9, 1
;__Lib_Math.c,584 :: 		
0x0134	0x0874      	MOVF       R4, 0
;__Lib_Math.c,585 :: 		
0x0135	0x0278      	SUBWF      R8, 0
;__Lib_Math.c,586 :: 		
0x0136	0x1D03      	BTFSS      STATUS, 2
;__Lib_Math.c,587 :: 		
0x0137	0x2911      	GOTO       $-38
;__Lib_Math.c,588 :: 		
0x0138	0x0875      	MOVF       R5, 0
;__Lib_Math.c,589 :: 		
0x0139	0x0279      	SUBWF      R9, 0
;__Lib_Math.c,590 :: 		
0x013A	0x1D03      	BTFSS      STATUS, 2
;__Lib_Math.c,591 :: 		
0x013B	0x2911      	GOTO       $-42
;__Lib_Math.c,592 :: 		
0x013C	0x01F9      	CLRF       R9
;__Lib_Math.c,593 :: 		
0x013D	0x01F8      	CLRF       R8
;__Lib_Math.c,594 :: 		
0x013E	0x0AF0      	INCF       R0, 1
;__Lib_Math.c,595 :: 		
0x013F	0x1903      	BTFSC      STATUS, 2
;__Lib_Math.c,596 :: 		
0x0140	0x0AF1      	INCF       R1, 1
;__Lib_Math.c,597 :: 		
0x0141	0x1FF1      	BTFSS      R1, 7
;__Lib_Math.c,598 :: 		
0x0142	0x2911      	GOTO       $-49
;__Lib_Math.c,599 :: 		
0x0143	0x0000      	NOP
;__Lib_Math.c,600 :: 		
0x0144	0x34FF      	RETLW      255
;__Lib_Math.c,602 :: 		
L_end_Div_16x16_S:
0x0145	0x0008      	RETURN
; end of _Div_16x16_S
_Lcd_Out:
;__Lib_Lcd.c,184 :: 		
;__Lib_Lcd.c,187 :: 		
0x0146	0x2958      	GOTO       L_Lcd_Out11
;__Lib_Lcd.c,188 :: 		
L_Lcd_Out13:
0x0147	0x3080      	MOVLW      128
0x0148	0x1683      	BSF        STATUS, 5
0x0149	0x1303      	BCF        STATUS, 6
0x014A	0x00BD      	MOVWF      FARG_Lcd_Out_row
0x014B	0x296B      	GOTO       L_Lcd_Out12
;__Lib_Lcd.c,189 :: 		
L_Lcd_Out14:
0x014C	0x30C0      	MOVLW      192
0x014D	0x00BD      	MOVWF      FARG_Lcd_Out_row
0x014E	0x296B      	GOTO       L_Lcd_Out12
;__Lib_Lcd.c,190 :: 		
L_Lcd_Out15:
0x014F	0x3094      	MOVLW      148
0x0150	0x00BD      	MOVWF      FARG_Lcd_Out_row
0x0151	0x296B      	GOTO       L_Lcd_Out12
;__Lib_Lcd.c,191 :: 		
L_Lcd_Out16:
0x0152	0x30D4      	MOVLW      212
0x0153	0x00BD      	MOVWF      FARG_Lcd_Out_row
0x0154	0x296B      	GOTO       L_Lcd_Out12
;__Lib_Lcd.c,192 :: 		
L_Lcd_Out17:
0x0155	0x3080      	MOVLW      128
0x0156	0x00BD      	MOVWF      FARG_Lcd_Out_row
;__Lib_Lcd.c,193 :: 		
0x0157	0x296B      	GOTO       L_Lcd_Out12
L_Lcd_Out11:
0x0158	0x1683      	BSF        STATUS, 5
0x0159	0x1303      	BCF        STATUS, 6
0x015A	0x083D      	MOVF       FARG_Lcd_Out_row, 0
0x015B	0x3A01      	XORLW      1
0x015C	0x1903      	BTFSC      STATUS, 2
0x015D	0x2947      	GOTO       L_Lcd_Out13
0x015E	0x083D      	MOVF       FARG_Lcd_Out_row, 0
0x015F	0x3A02      	XORLW      2
0x0160	0x1903      	BTFSC      STATUS, 2
0x0161	0x294C      	GOTO       L_Lcd_Out14
0x0162	0x083D      	MOVF       FARG_Lcd_Out_row, 0
0x0163	0x3A03      	XORLW      3
0x0164	0x1903      	BTFSC      STATUS, 2
0x0165	0x294F      	GOTO       L_Lcd_Out15
0x0166	0x083D      	MOVF       FARG_Lcd_Out_row, 0
0x0167	0x3A04      	XORLW      4
0x0168	0x1903      	BTFSC      STATUS, 2
0x0169	0x2952      	GOTO       L_Lcd_Out16
0x016A	0x2955      	GOTO       L_Lcd_Out17
L_Lcd_Out12:
;__Lib_Lcd.c,194 :: 		
0x016B	0x033E      	DECF       FARG_Lcd_Out_column, 0
0x016C	0x00F0      	MOVWF      R0
0x016D	0x083D      	MOVF       FARG_Lcd_Out_row, 0
0x016E	0x07F0      	ADDWF      R0, 1
0x016F	0x0870      	MOVF       R0, 0
0x0170	0x00BD      	MOVWF      FARG_Lcd_Out_row
;__Lib_Lcd.c,196 :: 		
0x0171	0x0870      	MOVF       R0, 0
0x0172	0x00C2      	MOVWF      FARG_Lcd_Cmd_out_char
0x0173	0x204A      	CALL       _Lcd_Cmd
;__Lib_Lcd.c,197 :: 		
0x0174	0x106F      	BCF        __Lib_Lcd_cmd_status, BitPos(__Lib_Lcd_cmd_status+0)
;__Lib_Lcd.c,198 :: 		
0x0175	0x1683      	BSF        STATUS, 5
0x0176	0x01C0      	CLRF       Lcd_Out_i_L0
;__Lib_Lcd.c,199 :: 		
L_Lcd_Out18:
0x0177	0x0840      	MOVF       Lcd_Out_i_L0, 0
0x0178	0x073F      	ADDWF      FARG_Lcd_Out_text, 0
0x0179	0x0084      	MOVWF      FSR
0x017A	0x0800      	MOVF       INDF, 0
0x017B	0x1903      	BTFSC      STATUS, 2
0x017C	0x2986      	GOTO       L_Lcd_Out19
;__Lib_Lcd.c,200 :: 		
0x017D	0x0840      	MOVF       Lcd_Out_i_L0, 0
0x017E	0x073F      	ADDWF      FARG_Lcd_Out_text, 0
0x017F	0x0084      	MOVWF      FSR
0x0180	0x0800      	MOVF       INDF, 0
0x0181	0x00C1      	MOVWF      FARG_Lcd_Chr_CP_out_char
0x0182	0x20A1      	CALL       _Lcd_Chr_CP
0x0183	0x1683      	BSF        STATUS, 5
0x0184	0x0AC0      	INCF       Lcd_Out_i_L0, 1
0x0185	0x2977      	GOTO       L_Lcd_Out18
L_Lcd_Out19:
;__Lib_Lcd.c,201 :: 		
0x0186	0x1283      	BCF        STATUS, 5
0x0187	0x146F      	BSF        __Lib_Lcd_cmd_status, BitPos(__Lib_Lcd_cmd_status+0)
;__Lib_Lcd.c,202 :: 		
L_end_Lcd_Out:
0x0188	0x0008      	RETURN
; end of _Lcd_Out
_Lcd_Init:
;__Lib_Lcd.c,84 :: 		
;__Lib_Lcd.c,86 :: 		
0x0189	0x1683      	BSF        STATUS, 5
0x018A	0x1303      	BCF        STATUS, 6
0x018B	0x1087      	BCF        LCD_EN_Direction, BitPos(LCD_EN_Direction+0)
;__Lib_Lcd.c,87 :: 		
0x018C	0x1007      	BCF        LCD_RS_Direction, BitPos(LCD_RS_Direction+0)
;__Lib_Lcd.c,88 :: 		
0x018D	0x1107      	BCF        LCD_D4_Direction, BitPos(LCD_D4_Direction+0)
;__Lib_Lcd.c,89 :: 		
0x018E	0x1187      	BCF        LCD_D5_Direction, BitPos(LCD_D5_Direction+0)
;__Lib_Lcd.c,90 :: 		
0x018F	0x1207      	BCF        LCD_D6_Direction, BitPos(LCD_D6_Direction+0)
;__Lib_Lcd.c,91 :: 		
0x0190	0x1287      	BCF        LCD_D7_Direction, BitPos(LCD_D7_Direction+0)
;__Lib_Lcd.c,93 :: 		
0x0191	0x1283      	BCF        STATUS, 5
0x0192	0x1087      	BCF        LCD_EN, BitPos(LCD_EN+0)
;__Lib_Lcd.c,94 :: 		
0x0193	0x1007      	BCF        LCD_RS, BitPos(LCD_RS+0)
;__Lib_Lcd.c,95 :: 		
0x0194	0x1287      	BCF        LCD_D7, BitPos(LCD_D7+0)
;__Lib_Lcd.c,96 :: 		
0x0195	0x1207      	BCF        LCD_D6, BitPos(LCD_D6+0)
;__Lib_Lcd.c,97 :: 		
0x0196	0x1187      	BCF        LCD_D5, BitPos(LCD_D5+0)
;__Lib_Lcd.c,98 :: 		
0x0197	0x1107      	BCF        LCD_D4, BitPos(LCD_D4+0)
;__Lib_Lcd.c,100 :: 		
0x0198	0x2037      	CALL       _Delay_5500us
;__Lib_Lcd.c,101 :: 		
0x0199	0x2037      	CALL       _Delay_5500us
;__Lib_Lcd.c,102 :: 		
0x019A	0x2037      	CALL       _Delay_5500us
;__Lib_Lcd.c,105 :: 		
0x019B	0x1587      	BSF        LCD_D5, BitPos(LCD_D5+0)
;__Lib_Lcd.c,106 :: 		
0x019C	0x1507      	BSF        LCD_D4, BitPos(LCD_D4+0)
;__Lib_Lcd.c,107 :: 		
0x019D	0x1487      	BSF        LCD_EN, BitPos(LCD_EN+0)
;__Lib_Lcd.c,108 :: 		
0x019E	0x2035      	CALL       _Delay_1us
;__Lib_Lcd.c,109 :: 		
0x019F	0x1087      	BCF        LCD_EN, BitPos(LCD_EN+0)
;__Lib_Lcd.c,110 :: 		
0x01A0	0x2037      	CALL       _Delay_5500us
;__Lib_Lcd.c,112 :: 		
0x01A1	0x1487      	BSF        LCD_EN, BitPos(LCD_EN+0)
;__Lib_Lcd.c,113 :: 		
0x01A2	0x2035      	CALL       _Delay_1us
;__Lib_Lcd.c,114 :: 		
0x01A3	0x1087      	BCF        LCD_EN, BitPos(LCD_EN+0)
;__Lib_Lcd.c,115 :: 		
0x01A4	0x2037      	CALL       _Delay_5500us
;__Lib_Lcd.c,117 :: 		
0x01A5	0x1487      	BSF        LCD_EN, BitPos(LCD_EN+0)
;__Lib_Lcd.c,118 :: 		
0x01A6	0x2035      	CALL       _Delay_1us
;__Lib_Lcd.c,119 :: 		
0x01A7	0x1087      	BCF        LCD_EN, BitPos(LCD_EN+0)
;__Lib_Lcd.c,120 :: 		
0x01A8	0x2037      	CALL       _Delay_5500us
;__Lib_Lcd.c,123 :: 		
0x01A9	0x1107      	BCF        LCD_D4, BitPos(LCD_D4+0)
;__Lib_Lcd.c,124 :: 		
0x01AA	0x1487      	BSF        LCD_EN, BitPos(LCD_EN+0)
;__Lib_Lcd.c,125 :: 		
0x01AB	0x2035      	CALL       _Delay_1us
;__Lib_Lcd.c,126 :: 		
0x01AC	0x1087      	BCF        LCD_EN, BitPos(LCD_EN+0)
;__Lib_Lcd.c,127 :: 		
0x01AD	0x2037      	CALL       _Delay_5500us
;__Lib_Lcd.c,130 :: 		
0x01AE	0x1487      	BSF        LCD_EN, BitPos(LCD_EN+0)
;__Lib_Lcd.c,131 :: 		
0x01AF	0x2035      	CALL       _Delay_1us
;__Lib_Lcd.c,132 :: 		
0x01B0	0x1087      	BCF        LCD_EN, BitPos(LCD_EN+0)
;__Lib_Lcd.c,134 :: 		
0x01B1	0x1187      	BCF        LCD_D5, BitPos(LCD_D5+0)
;__Lib_Lcd.c,135 :: 		
0x01B2	0x1687      	BSF        LCD_D7, BitPos(LCD_D7+0)
;__Lib_Lcd.c,136 :: 		
0x01B3	0x1487      	BSF        LCD_EN, BitPos(LCD_EN+0)
;__Lib_Lcd.c,137 :: 		
0x01B4	0x2035      	CALL       _Delay_1us
;__Lib_Lcd.c,138 :: 		
0x01B5	0x1087      	BCF        LCD_EN, BitPos(LCD_EN+0)
;__Lib_Lcd.c,139 :: 		
0x01B6	0x2037      	CALL       _Delay_5500us
;__Lib_Lcd.c,142 :: 		
0x01B7	0x1287      	BCF        LCD_D7, BitPos(LCD_D7+0)
;__Lib_Lcd.c,143 :: 		
0x01B8	0x1507      	BSF        LCD_D4, BitPos(LCD_D4+0)
;__Lib_Lcd.c,144 :: 		
0x01B9	0x1487      	BSF        LCD_EN, BitPos(LCD_EN+0)
;__Lib_Lcd.c,145 :: 		
0x01BA	0x2035      	CALL       _Delay_1us
;__Lib_Lcd.c,146 :: 		
0x01BB	0x1087      	BCF        LCD_EN, BitPos(LCD_EN+0)
;__Lib_Lcd.c,148 :: 		
0x01BC	0x1107      	BCF        LCD_D4, BitPos(LCD_D4+0)
;__Lib_Lcd.c,149 :: 		
0x01BD	0x1487      	BSF        LCD_EN, BitPos(LCD_EN+0)
;__Lib_Lcd.c,150 :: 		
0x01BE	0x2035      	CALL       _Delay_1us
;__Lib_Lcd.c,151 :: 		
0x01BF	0x1087      	BCF        LCD_EN, BitPos(LCD_EN+0)
;__Lib_Lcd.c,152 :: 		
0x01C0	0x2037      	CALL       _Delay_5500us
;__Lib_Lcd.c,155 :: 		
0x01C1	0x1487      	BSF        LCD_EN, BitPos(LCD_EN+0)
;__Lib_Lcd.c,156 :: 		
0x01C2	0x2035      	CALL       _Delay_1us
;__Lib_Lcd.c,157 :: 		
0x01C3	0x1087      	BCF        LCD_EN, BitPos(LCD_EN+0)
;__Lib_Lcd.c,159 :: 		
0x01C4	0x1507      	BSF        LCD_D4, BitPos(LCD_D4+0)
;__Lib_Lcd.c,160 :: 		
0x01C5	0x1487      	BSF        LCD_EN, BitPos(LCD_EN+0)
;__Lib_Lcd.c,161 :: 		
0x01C6	0x2035      	CALL       _Delay_1us
;__Lib_Lcd.c,162 :: 		
0x01C7	0x1087      	BCF        LCD_EN, BitPos(LCD_EN+0)
;__Lib_Lcd.c,163 :: 		
0x01C8	0x2037      	CALL       _Delay_5500us
;__Lib_Lcd.c,166 :: 		
0x01C9	0x1107      	BCF        LCD_D4, BitPos(LCD_D4+0)
;__Lib_Lcd.c,167 :: 		
0x01CA	0x1487      	BSF        LCD_EN, BitPos(LCD_EN+0)
;__Lib_Lcd.c,168 :: 		
0x01CB	0x2035      	CALL       _Delay_1us
;__Lib_Lcd.c,169 :: 		
0x01CC	0x1087      	BCF        LCD_EN, BitPos(LCD_EN+0)
;__Lib_Lcd.c,171 :: 		
0x01CD	0x1687      	BSF        LCD_D7, BitPos(LCD_D7+0)
;__Lib_Lcd.c,172 :: 		
0x01CE	0x1607      	BSF        LCD_D6, BitPos(LCD_D6+0)
;__Lib_Lcd.c,173 :: 		
0x01CF	0x1587      	BSF        LCD_D5, BitPos(LCD_D5+0)
;__Lib_Lcd.c,174 :: 		
0x01D0	0x1507      	BSF        LCD_D4, BitPos(LCD_D4+0)
;__Lib_Lcd.c,175 :: 		
0x01D1	0x1487      	BSF        LCD_EN, BitPos(LCD_EN+0)
;__Lib_Lcd.c,176 :: 		
0x01D2	0x2035      	CALL       _Delay_1us
;__Lib_Lcd.c,177 :: 		
0x01D3	0x1087      	BCF        LCD_EN, BitPos(LCD_EN+0)
;__Lib_Lcd.c,179 :: 		
0x01D4	0x2037      	CALL       _Delay_5500us
;__Lib_Lcd.c,181 :: 		
0x01D5	0x146F      	BSF        __Lib_Lcd_cmd_status, BitPos(__Lib_Lcd_cmd_status+0)
;__Lib_Lcd.c,182 :: 		
L_end_Lcd_Init:
0x01D6	0x0008      	RETURN
; end of _Lcd_Init
_set_dnt_string:
;Clock.c,27 :: 		void set_dnt_string(){
;Clock.c,28 :: 		timearr[7] = sec%10+ 48;  // Time Array
0x01D7	0x300A      	MOVLW      10
0x01D8	0x1283      	BCF        STATUS, 5
0x01D9	0x1303      	BCF        STATUS, 6
0x01DA	0x00F4      	MOVWF      R4
0x01DB	0x3000      	MOVLW      0
0x01DC	0x00F5      	MOVWF      R4+1
0x01DD	0x082E      	MOVF       _sec, 0
0x01DE	0x00F0      	MOVWF      R0
0x01DF	0x082F      	MOVF       _sec+1, 0
0x01E0	0x00F1      	MOVWF      R0+1
0x01E1	0x20DD      	CALL       _Div_16x16_S
0x01E2	0x0878      	MOVF       R8, 0
0x01E3	0x00F0      	MOVWF      R0
0x01E4	0x0879      	MOVF       R8+1, 0
0x01E5	0x00F1      	MOVWF      R0+1
0x01E6	0x3030      	MOVLW      48
0x01E7	0x0770      	ADDWF      R0, 0
0x01E8	0x00A8      	MOVWF      _timearr+7
;Clock.c,29 :: 		timearr[6] = sec/10+ 48;
0x01E9	0x300A      	MOVLW      10
0x01EA	0x00F4      	MOVWF      R4
0x01EB	0x3000      	MOVLW      0
0x01EC	0x00F5      	MOVWF      R4+1
0x01ED	0x082E      	MOVF       _sec, 0
0x01EE	0x00F0      	MOVWF      R0
0x01EF	0x082F      	MOVF       _sec+1, 0
0x01F0	0x00F1      	MOVWF      R0+1
0x01F1	0x20DD      	CALL       _Div_16x16_S
0x01F2	0x3030      	MOVLW      48
0x01F3	0x0770      	ADDWF      R0, 0
0x01F4	0x00A7      	MOVWF      _timearr+6
;Clock.c,30 :: 		timearr[4] = min%10+ 48;
0x01F5	0x300A      	MOVLW      10
0x01F6	0x00F4      	MOVWF      R4
0x01F7	0x3000      	MOVLW      0
0x01F8	0x00F5      	MOVWF      R4+1
0x01F9	0x0835      	MOVF       _min, 0
0x01FA	0x00F0      	MOVWF      R0
0x01FB	0x0836      	MOVF       _min+1, 0
0x01FC	0x00F1      	MOVWF      R0+1
0x01FD	0x20DD      	CALL       _Div_16x16_S
0x01FE	0x0878      	MOVF       R8, 0
0x01FF	0x00F0      	MOVWF      R0
0x0200	0x0879      	MOVF       R8+1, 0
0x0201	0x00F1      	MOVWF      R0+1
0x0202	0x3030      	MOVLW      48
0x0203	0x0770      	ADDWF      R0, 0
0x0204	0x00A5      	MOVWF      _timearr+4
;Clock.c,31 :: 		timearr[3] = min/10+ 48;
0x0205	0x300A      	MOVLW      10
0x0206	0x00F4      	MOVWF      R4
0x0207	0x3000      	MOVLW      0
0x0208	0x00F5      	MOVWF      R4+1
0x0209	0x0835      	MOVF       _min, 0
0x020A	0x00F0      	MOVWF      R0
0x020B	0x0836      	MOVF       _min+1, 0
0x020C	0x00F1      	MOVWF      R0+1
0x020D	0x20DD      	CALL       _Div_16x16_S
0x020E	0x3030      	MOVLW      48
0x020F	0x0770      	ADDWF      R0, 0
0x0210	0x00A4      	MOVWF      _timearr+3
;Clock.c,32 :: 		timearr[1] = hrs%10+ 48;
0x0211	0x300A      	MOVLW      10
0x0212	0x00F4      	MOVWF      R4
0x0213	0x3000      	MOVLW      0
0x0214	0x00F5      	MOVWF      R4+1
0x0215	0x0833      	MOVF       _hrs, 0
0x0216	0x00F0      	MOVWF      R0
0x0217	0x0834      	MOVF       _hrs+1, 0
0x0218	0x00F1      	MOVWF      R0+1
0x0219	0x20DD      	CALL       _Div_16x16_S
0x021A	0x0878      	MOVF       R8, 0
0x021B	0x00F0      	MOVWF      R0
0x021C	0x0879      	MOVF       R8+1, 0
0x021D	0x00F1      	MOVWF      R0+1
0x021E	0x3030      	MOVLW      48
0x021F	0x0770      	ADDWF      R0, 0
0x0220	0x00A2      	MOVWF      _timearr+1
;Clock.c,33 :: 		timearr[0] = hrs/10+ 48;
0x0221	0x300A      	MOVLW      10
0x0222	0x00F4      	MOVWF      R4
0x0223	0x3000      	MOVLW      0
0x0224	0x00F5      	MOVWF      R4+1
0x0225	0x0833      	MOVF       _hrs, 0
0x0226	0x00F0      	MOVWF      R0
0x0227	0x0834      	MOVF       _hrs+1, 0
0x0228	0x00F1      	MOVWF      R0+1
0x0229	0x20DD      	CALL       _Div_16x16_S
0x022A	0x3030      	MOVLW      48
0x022B	0x0770      	ADDWF      R0, 0
0x022C	0x00A1      	MOVWF      _timearr
;Clock.c,35 :: 		datearr[1] = dd%10+ 48;   // Date Array
0x022D	0x300A      	MOVLW      10
0x022E	0x00F4      	MOVWF      R4
0x022F	0x3000      	MOVLW      0
0x0230	0x00F5      	MOVWF      R4+1
0x0231	0x0861      	MOVF       _dd, 0
0x0232	0x00F0      	MOVWF      R0
0x0233	0x0862      	MOVF       _dd+1, 0
0x0234	0x00F1      	MOVWF      R0+1
0x0235	0x20DD      	CALL       _Div_16x16_S
0x0236	0x0878      	MOVF       R8, 0
0x0237	0x00F0      	MOVWF      R0
0x0238	0x0879      	MOVF       R8+1, 0
0x0239	0x00F1      	MOVWF      R0+1
0x023A	0x3030      	MOVLW      48
0x023B	0x0770      	ADDWF      R0, 0
0x023C	0x00B1      	MOVWF      _datearr+1
;Clock.c,36 :: 		datearr[0] = dd/10+ 48;
0x023D	0x300A      	MOVLW      10
0x023E	0x00F4      	MOVWF      R4
0x023F	0x3000      	MOVLW      0
0x0240	0x00F5      	MOVWF      R4+1
0x0241	0x0861      	MOVF       _dd, 0
0x0242	0x00F0      	MOVWF      R0
0x0243	0x0862      	MOVF       _dd+1, 0
0x0244	0x00F1      	MOVWF      R0+1
0x0245	0x20DD      	CALL       _Div_16x16_S
0x0246	0x3030      	MOVLW      48
0x0247	0x0770      	ADDWF      R0, 0
0x0248	0x00B0      	MOVWF      _datearr
;Clock.c,38 :: 		yrarr[3] = yy%10+ 48;
0x0249	0x300A      	MOVLW      10
0x024A	0x00F4      	MOVWF      R4
0x024B	0x3000      	MOVLW      0
0x024C	0x00F5      	MOVWF      R4+1
0x024D	0x1683      	BSF        STATUS, 5
0x024E	0x0822      	MOVF       _yy, 0
0x024F	0x00F0      	MOVWF      R0
0x0250	0x0823      	MOVF       _yy+1, 0
0x0251	0x00F1      	MOVWF      R0+1
0x0252	0x20DD      	CALL       _Div_16x16_S
0x0253	0x0878      	MOVF       R8, 0
0x0254	0x00F0      	MOVWF      R0
0x0255	0x0879      	MOVF       R8+1, 0
0x0256	0x00F1      	MOVWF      R0+1
0x0257	0x3030      	MOVLW      48
0x0258	0x07F0      	ADDWF      R0, 1
0x0259	0x0870      	MOVF       R0, 0
0x025A	0x1683      	BSF        STATUS, 5
0x025B	0x00A7      	MOVWF      _yrarr+3
;Clock.c,39 :: 		yrarr[2] = yy%10+ 48;     // Year Array
0x025C	0x0870      	MOVF       R0, 0
0x025D	0x00A6      	MOVWF      _yrarr+2
;Clock.c,40 :: 		yrarr[1] = yy/10+ 48;
0x025E	0x300A      	MOVLW      10
0x025F	0x00F4      	MOVWF      R4
0x0260	0x3000      	MOVLW      0
0x0261	0x00F5      	MOVWF      R4+1
0x0262	0x0822      	MOVF       _yy, 0
0x0263	0x00F0      	MOVWF      R0
0x0264	0x0823      	MOVF       _yy+1, 0
0x0265	0x00F1      	MOVWF      R0+1
0x0266	0x20DD      	CALL       _Div_16x16_S
0x0267	0x3030      	MOVLW      48
0x0268	0x0770      	ADDWF      R0, 0
0x0269	0x1683      	BSF        STATUS, 5
0x026A	0x00A5      	MOVWF      _yrarr+1
;Clock.c,41 :: 		yrarr[0] = yy/10+ 50;   // Startting from 2000
0x026B	0x3032      	MOVLW      50
0x026C	0x0770      	ADDWF      R0, 0
0x026D	0x00A4      	MOVWF      _yrarr
;Clock.c,42 :: 		}
L_end_set_dnt_string:
0x026E	0x0008      	RETURN
; end of _set_dnt_string
_time_adj:
;Clock.c,105 :: 		void time_adj(){
;Clock.c,106 :: 		if(PORTD.B0==1){
0x026F	0x1283      	BCF        STATUS, 5
0x0270	0x1303      	BCF        STATUS, 6
0x0271	0x1C08      	BTFSS      PORTD, 0
0x0272	0x2A82      	GOTO       L_time_adj9
;Clock.c,107 :: 		hrs++;
0x0273	0x0AB3      	INCF       _hrs, 1
0x0274	0x1903      	BTFSC      STATUS, 2
0x0275	0x0AB4      	INCF       _hrs+1, 1
;Clock.c,108 :: 		Delay_ms(300);     // Treating for debouncing
0x0276	0x3002      	MOVLW      2
0x0277	0x00FB      	MOVWF      R11
0x0278	0x3086      	MOVLW      134
0x0279	0x00FC      	MOVWF      R12
0x027A	0x3099      	MOVLW      153
0x027B	0x00FD      	MOVWF      R13
L_time_adj10:
0x027C	0x0BFD      	DECFSZ     R13, 1
0x027D	0x2A7C      	GOTO       L_time_adj10
0x027E	0x0BFC      	DECFSZ     R12, 1
0x027F	0x2A7C      	GOTO       L_time_adj10
0x0280	0x0BFB      	DECFSZ     R11, 1
0x0281	0x2A7C      	GOTO       L_time_adj10
;Clock.c,109 :: 		}
L_time_adj9:
;Clock.c,110 :: 		if(PORTD.B1==1){
0x0282	0x1C88      	BTFSS      PORTD, 1
0x0283	0x2A94      	GOTO       L_time_adj11
;Clock.c,111 :: 		hrs--;
0x0284	0x3001      	MOVLW      1
0x0285	0x02B3      	SUBWF      _hrs, 1
0x0286	0x1C03      	BTFSS      STATUS, 0
0x0287	0x03B4      	DECF       _hrs+1, 1
;Clock.c,112 :: 		Delay_ms(300);   // Treating for debouncing
0x0288	0x3002      	MOVLW      2
0x0289	0x00FB      	MOVWF      R11
0x028A	0x3086      	MOVLW      134
0x028B	0x00FC      	MOVWF      R12
0x028C	0x3099      	MOVLW      153
0x028D	0x00FD      	MOVWF      R13
L_time_adj12:
0x028E	0x0BFD      	DECFSZ     R13, 1
0x028F	0x2A8E      	GOTO       L_time_adj12
0x0290	0x0BFC      	DECFSZ     R12, 1
0x0291	0x2A8E      	GOTO       L_time_adj12
0x0292	0x0BFB      	DECFSZ     R11, 1
0x0293	0x2A8E      	GOTO       L_time_adj12
;Clock.c,113 :: 		}
L_time_adj11:
;Clock.c,114 :: 		if(PORTD.B2==1){
0x0294	0x1D08      	BTFSS      PORTD, 2
0x0295	0x2AA5      	GOTO       L_time_adj13
;Clock.c,115 :: 		min++;
0x0296	0x0AB5      	INCF       _min, 1
0x0297	0x1903      	BTFSC      STATUS, 2
0x0298	0x0AB6      	INCF       _min+1, 1
;Clock.c,116 :: 		Delay_ms(300);     // Treating for debouncing
0x0299	0x3002      	MOVLW      2
0x029A	0x00FB      	MOVWF      R11
0x029B	0x3086      	MOVLW      134
0x029C	0x00FC      	MOVWF      R12
0x029D	0x3099      	MOVLW      153
0x029E	0x00FD      	MOVWF      R13
L_time_adj14:
0x029F	0x0BFD      	DECFSZ     R13, 1
0x02A0	0x2A9F      	GOTO       L_time_adj14
0x02A1	0x0BFC      	DECFSZ     R12, 1
0x02A2	0x2A9F      	GOTO       L_time_adj14
0x02A3	0x0BFB      	DECFSZ     R11, 1
0x02A4	0x2A9F      	GOTO       L_time_adj14
;Clock.c,117 :: 		}
L_time_adj13:
;Clock.c,118 :: 		if(PORTD.B3==1){
0x02A5	0x1D88      	BTFSS      PORTD, 3
0x02A6	0x2AB7      	GOTO       L_time_adj15
;Clock.c,119 :: 		min--;
0x02A7	0x3001      	MOVLW      1
0x02A8	0x02B5      	SUBWF      _min, 1
0x02A9	0x1C03      	BTFSS      STATUS, 0
0x02AA	0x03B6      	DECF       _min+1, 1
;Clock.c,120 :: 		Delay_ms(300);     // Treating for debouncing
0x02AB	0x3002      	MOVLW      2
0x02AC	0x00FB      	MOVWF      R11
0x02AD	0x3086      	MOVLW      134
0x02AE	0x00FC      	MOVWF      R12
0x02AF	0x3099      	MOVLW      153
0x02B0	0x00FD      	MOVWF      R13
L_time_adj16:
0x02B1	0x0BFD      	DECFSZ     R13, 1
0x02B2	0x2AB1      	GOTO       L_time_adj16
0x02B3	0x0BFC      	DECFSZ     R12, 1
0x02B4	0x2AB1      	GOTO       L_time_adj16
0x02B5	0x0BFB      	DECFSZ     R11, 1
0x02B6	0x2AB1      	GOTO       L_time_adj16
;Clock.c,121 :: 		}
L_time_adj15:
;Clock.c,122 :: 		}
L_end_time_adj:
0x02B7	0x0008      	RETURN
; end of _time_adj
_blink:
;Clock.c,130 :: 		void blink(){
;Clock.c,131 :: 		if(halfsec==1){
0x02B8	0x3000      	MOVLW      0
0x02B9	0x1683      	BSF        STATUS, 5
0x02BA	0x1303      	BCF        STATUS, 6
0x02BB	0x0621      	XORWF      _halfsec+1, 0
0x02BC	0x1D03      	BTFSS      STATUS, 2
0x02BD	0x2AC0      	GOTO       L__blink49
0x02BE	0x3001      	MOVLW      1
0x02BF	0x0620      	XORWF      _halfsec, 0
L__blink49:
0x02C0	0x1D03      	BTFSS      STATUS, 2
0x02C1	0x2AD9      	GOTO       L_blink17
;Clock.c,132 :: 		Lcd_Out(2,20,".");     //In Simulation we cant see suddern changers in array. To representing the blink of colons I have used "." in end of second line.
0x02C2	0x3002      	MOVLW      2
0x02C3	0x00BD      	MOVWF      FARG_Lcd_Out_row
0x02C4	0x3014      	MOVLW      20
0x02C5	0x00BE      	MOVWF      FARG_Lcd_Out_column
0x02C6	0x30AB      	MOVLW      ?lstr7_Clock
0x02C7	0x00BF      	MOVWF      FARG_Lcd_Out_text
0x02C8	0x2146      	CALL       _Lcd_Out
;Clock.c,133 :: 		Lcd_Out(2,13,":");
0x02C9	0x3002      	MOVLW      2
0x02CA	0x1683      	BSF        STATUS, 5
0x02CB	0x00BD      	MOVWF      FARG_Lcd_Out_row
0x02CC	0x300D      	MOVLW      13
0x02CD	0x00BE      	MOVWF      FARG_Lcd_Out_column
0x02CE	0x3067      	MOVLW      ?lstr8_Clock
0x02CF	0x00BF      	MOVWF      FARG_Lcd_Out_text
0x02D0	0x2146      	CALL       _Lcd_Out
;Clock.c,134 :: 		Lcd_Out(2,10,":");
0x02D1	0x3002      	MOVLW      2
0x02D2	0x1683      	BSF        STATUS, 5
0x02D3	0x00BD      	MOVWF      FARG_Lcd_Out_row
0x02D4	0x300A      	MOVLW      10
0x02D5	0x00BE      	MOVWF      FARG_Lcd_Out_column
0x02D6	0x3065      	MOVLW      ?lstr9_Clock
0x02D7	0x00BF      	MOVWF      FARG_Lcd_Out_text
0x02D8	0x2146      	CALL       _Lcd_Out
;Clock.c,135 :: 		}
L_blink17:
;Clock.c,136 :: 		if(halfsec==0){
0x02D9	0x3000      	MOVLW      0
0x02DA	0x1683      	BSF        STATUS, 5
0x02DB	0x0621      	XORWF      _halfsec+1, 0
0x02DC	0x1D03      	BTFSS      STATUS, 2
0x02DD	0x2AE0      	GOTO       L__blink50
0x02DE	0x3000      	MOVLW      0
0x02DF	0x0620      	XORWF      _halfsec, 0
L__blink50:
0x02E0	0x1D03      	BTFSS      STATUS, 2
0x02E1	0x2AF9      	GOTO       L_blink18
;Clock.c,137 :: 		Lcd_Out(2,20," ");
0x02E2	0x3002      	MOVLW      2
0x02E3	0x00BD      	MOVWF      FARG_Lcd_Out_row
0x02E4	0x3014      	MOVLW      20
0x02E5	0x00BE      	MOVWF      FARG_Lcd_Out_column
0x02E6	0x3063      	MOVLW      ?lstr10_Clock
0x02E7	0x00BF      	MOVWF      FARG_Lcd_Out_text
0x02E8	0x2146      	CALL       _Lcd_Out
;Clock.c,138 :: 		Lcd_Out(2,13," ");
0x02E9	0x3002      	MOVLW      2
0x02EA	0x1683      	BSF        STATUS, 5
0x02EB	0x00BD      	MOVWF      FARG_Lcd_Out_row
0x02EC	0x300D      	MOVLW      13
0x02ED	0x00BE      	MOVWF      FARG_Lcd_Out_column
0x02EE	0x3069      	MOVLW      ?lstr11_Clock
0x02EF	0x00BF      	MOVWF      FARG_Lcd_Out_text
0x02F0	0x2146      	CALL       _Lcd_Out
;Clock.c,139 :: 		Lcd_Out(2,10," ");
0x02F1	0x3002      	MOVLW      2
0x02F2	0x1683      	BSF        STATUS, 5
0x02F3	0x00BD      	MOVWF      FARG_Lcd_Out_row
0x02F4	0x300A      	MOVLW      10
0x02F5	0x00BE      	MOVWF      FARG_Lcd_Out_column
0x02F6	0x306D      	MOVLW      ?lstr12_Clock
0x02F7	0x00BF      	MOVWF      FARG_Lcd_Out_text
0x02F8	0x2146      	CALL       _Lcd_Out
;Clock.c,140 :: 		}
L_blink18:
;Clock.c,141 :: 		}
L_end_blink:
0x02F9	0x0008      	RETURN
; end of _blink
_theam:
;Clock.c,123 :: 		void theam(){
;Clock.c,124 :: 		Lcd_Out(1,1,"--------CLOCK-------");  //This part is not necessary.This is using to give more look for our clock
0x02FA	0x3001      	MOVLW      1
0x02FB	0x1683      	BSF        STATUS, 5
0x02FC	0x1303      	BCF        STATUS, 6
0x02FD	0x00BD      	MOVWF      FARG_Lcd_Out_row
0x02FE	0x3001      	MOVLW      1
0x02FF	0x00BE      	MOVWF      FARG_Lcd_Out_column
0x0300	0x304C      	MOVLW      ?lstr3_Clock
0x0301	0x00BF      	MOVWF      FARG_Lcd_Out_text
0x0302	0x2146      	CALL       _Lcd_Out
;Clock.c,125 :: 		Lcd_Out(4,1,"-----ByMethsara-----");
0x0303	0x3004      	MOVLW      4
0x0304	0x1683      	BSF        STATUS, 5
0x0305	0x00BD      	MOVWF      FARG_Lcd_Out_row
0x0306	0x3001      	MOVLW      1
0x0307	0x00BE      	MOVWF      FARG_Lcd_Out_column
0x0308	0x3037      	MOVLW      ?lstr4_Clock
0x0309	0x00BF      	MOVWF      FARG_Lcd_Out_text
0x030A	0x2146      	CALL       _Lcd_Out
;Clock.c,126 :: 		Lcd_Out(3,16,"-"); // Date formatings
0x030B	0x3003      	MOVLW      3
0x030C	0x1683      	BSF        STATUS, 5
0x030D	0x00BD      	MOVWF      FARG_Lcd_Out_row
0x030E	0x3010      	MOVLW      16
0x030F	0x00BE      	MOVWF      FARG_Lcd_Out_column
0x0310	0x302C      	MOVLW      ?lstr5_Clock
0x0311	0x00BF      	MOVWF      FARG_Lcd_Out_text
0x0312	0x2146      	CALL       _Lcd_Out
;Clock.c,127 :: 		Lcd_Out(3,12,"-"); // Date formatings
0x0313	0x3003      	MOVLW      3
0x0314	0x1683      	BSF        STATUS, 5
0x0315	0x00BD      	MOVWF      FARG_Lcd_Out_row
0x0316	0x300C      	MOVLW      12
0x0317	0x00BE      	MOVWF      FARG_Lcd_Out_column
0x0318	0x302A      	MOVLW      ?lstr6_Clock
0x0319	0x00BF      	MOVWF      FARG_Lcd_Out_text
0x031A	0x2146      	CALL       _Lcd_Out
;Clock.c,128 :: 		}
L_end_theam:
0x031B	0x0008      	RETURN
; end of _theam
_initialize:
;Clock.c,92 :: 		void initialize(){
;Clock.c,93 :: 		Lcd_Init();
0x031C	0x2189      	CALL       _Lcd_Init
;Clock.c,94 :: 		Lcd_Cmd(_LCD_CURSOR_OFF);
0x031D	0x300C      	MOVLW      12
0x031E	0x1683      	BSF        STATUS, 5
0x031F	0x00C2      	MOVWF      FARG_Lcd_Cmd_out_char
0x0320	0x204A      	CALL       _Lcd_Cmd
;Clock.c,95 :: 		Lcd_Cmd(_LCD_CLEAR);
0x0321	0x3001      	MOVLW      1
0x0322	0x1683      	BSF        STATUS, 5
0x0323	0x00C2      	MOVWF      FARG_Lcd_Cmd_out_char
0x0324	0x204A      	CALL       _Lcd_Cmd
;Clock.c,96 :: 		PORTD = 0;
0x0325	0x0188      	CLRF       PORTD
;Clock.c,97 :: 		PORTB = 0;
0x0326	0x0186      	CLRF       PORTB
;Clock.c,98 :: 		TRISD = 0b00001111; //Port D initializing for geting inputs
0x0327	0x300F      	MOVLW      15
0x0328	0x1683      	BSF        STATUS, 5
0x0329	0x0088      	MOVWF      TRISD
;Clock.c,99 :: 		INTCON = 0b10110000; //Timer0 flag biy initialize for 0, Timer0 Enabaling, Global Interruption enabaling, RB0 nterrrupt enabaling and Flag to 0
0x032A	0x30B0      	MOVLW      176
0x032B	0x008B      	MOVWF      INTCON
;Clock.c,100 :: 		OPTION_REG = 0b10010010; // Selecting internal clock, Pre scaler enabaling, and set to 1:8 Interrupt set on falling edge
0x032C	0x3092      	MOVLW      146
0x032D	0x0081      	MOVWF      OPTION_REG
;Clock.c,101 :: 		TMR0 = 247;      //Timer0 initial Value holding 247 to maintance accuracy of clock
0x032E	0x30F7      	MOVLW      247
0x032F	0x1283      	BCF        STATUS, 5
0x0330	0x0081      	MOVWF      TMR0
;Clock.c,102 :: 		Lcd_Out(2,3, "Time:");
0x0331	0x3002      	MOVLW      2
0x0332	0x1683      	BSF        STATUS, 5
0x0333	0x00BD      	MOVWF      FARG_Lcd_Out_row
0x0334	0x3003      	MOVLW      3
0x0335	0x00BE      	MOVWF      FARG_Lcd_Out_column
0x0336	0x30B3      	MOVLW      ?lstr1_Clock
0x0337	0x00BF      	MOVWF      FARG_Lcd_Out_text
0x0338	0x2146      	CALL       _Lcd_Out
;Clock.c,103 :: 		Lcd_Out(3,3, "Date:");
0x0339	0x3003      	MOVLW      3
0x033A	0x1683      	BSF        STATUS, 5
0x033B	0x00BD      	MOVWF      FARG_Lcd_Out_row
0x033C	0x3003      	MOVLW      3
0x033D	0x00BE      	MOVWF      FARG_Lcd_Out_column
0x033E	0x30AD      	MOVLW      ?lstr2_Clock
0x033F	0x00BF      	MOVWF      FARG_Lcd_Out_text
0x0340	0x2146      	CALL       _Lcd_Out
;Clock.c,104 :: 		}
L_end_initialize:
0x0341	0x0008      	RETURN
; end of _initialize
_set_dnt:
;Clock.c,49 :: 		void set_dnt(){
;Clock.c,50 :: 		if(halfsec==2){
0x0342	0x3000      	MOVLW      0
0x0343	0x1683      	BSF        STATUS, 5
0x0344	0x1303      	BCF        STATUS, 6
0x0345	0x0621      	XORWF      _halfsec+1, 0
0x0346	0x1D03      	BTFSS      STATUS, 2
0x0347	0x2B4A      	GOTO       L__set_dnt36
0x0348	0x3002      	MOVLW      2
0x0349	0x0620      	XORWF      _halfsec, 0
L__set_dnt36:
0x034A	0x1D03      	BTFSS      STATUS, 2
0x034B	0x2B53      	GOTO       L_set_dnt0
;Clock.c,51 :: 		sec++;
0x034C	0x1283      	BCF        STATUS, 5
0x034D	0x0AAE      	INCF       _sec, 1
0x034E	0x1903      	BTFSC      STATUS, 2
0x034F	0x0AAF      	INCF       _sec+1, 1
;Clock.c,52 :: 		halfsec=0;
0x0350	0x1683      	BSF        STATUS, 5
0x0351	0x01A0      	CLRF       _halfsec
0x0352	0x01A1      	CLRF       _halfsec+1
;Clock.c,53 :: 		}
L_set_dnt0:
;Clock.c,54 :: 		if(sec==60){
0x0353	0x3000      	MOVLW      0
0x0354	0x1283      	BCF        STATUS, 5
0x0355	0x062F      	XORWF      _sec+1, 0
0x0356	0x1D03      	BTFSS      STATUS, 2
0x0357	0x2B5A      	GOTO       L__set_dnt37
0x0358	0x303C      	MOVLW      60
0x0359	0x062E      	XORWF      _sec, 0
L__set_dnt37:
0x035A	0x1D03      	BTFSS      STATUS, 2
0x035B	0x2B61      	GOTO       L_set_dnt1
;Clock.c,55 :: 		min++;
0x035C	0x0AB5      	INCF       _min, 1
0x035D	0x1903      	BTFSC      STATUS, 2
0x035E	0x0AB6      	INCF       _min+1, 1
;Clock.c,56 :: 		sec = 0 ;
0x035F	0x01AE      	CLRF       _sec
0x0360	0x01AF      	CLRF       _sec+1
;Clock.c,57 :: 		}
L_set_dnt1:
;Clock.c,58 :: 		if(min==60){
0x0361	0x3000      	MOVLW      0
0x0362	0x0636      	XORWF      _min+1, 0
0x0363	0x1D03      	BTFSS      STATUS, 2
0x0364	0x2B67      	GOTO       L__set_dnt38
0x0365	0x303C      	MOVLW      60
0x0366	0x0635      	XORWF      _min, 0
L__set_dnt38:
0x0367	0x1D03      	BTFSS      STATUS, 2
0x0368	0x2B6E      	GOTO       L_set_dnt2
;Clock.c,59 :: 		hrs++;
0x0369	0x0AB3      	INCF       _hrs, 1
0x036A	0x1903      	BTFSC      STATUS, 2
0x036B	0x0AB4      	INCF       _hrs+1, 1
;Clock.c,60 :: 		min=0;
0x036C	0x01B5      	CLRF       _min
0x036D	0x01B6      	CLRF       _min+1
;Clock.c,61 :: 		}
L_set_dnt2:
;Clock.c,62 :: 		if(hrs==24){
0x036E	0x3000      	MOVLW      0
0x036F	0x0634      	XORWF      _hrs+1, 0
0x0370	0x1D03      	BTFSS      STATUS, 2
0x0371	0x2B74      	GOTO       L__set_dnt39
0x0372	0x3018      	MOVLW      24
0x0373	0x0633      	XORWF      _hrs, 0
L__set_dnt39:
0x0374	0x1D03      	BTFSS      STATUS, 2
0x0375	0x2B7B      	GOTO       L_set_dnt3
;Clock.c,63 :: 		dd++;
0x0376	0x0AE1      	INCF       _dd, 1
0x0377	0x1903      	BTFSC      STATUS, 2
0x0378	0x0AE2      	INCF       _dd+1, 1
;Clock.c,64 :: 		hrs=0;
0x0379	0x01B3      	CLRF       _hrs
0x037A	0x01B4      	CLRF       _hrs+1
;Clock.c,65 :: 		}
L_set_dnt3:
;Clock.c,66 :: 		if(dd==30){
0x037B	0x3000      	MOVLW      0
0x037C	0x0662      	XORWF      _dd+1, 0
0x037D	0x1D03      	BTFSS      STATUS, 2
0x037E	0x2B81      	GOTO       L__set_dnt40
0x037F	0x301E      	MOVLW      30
0x0380	0x0661      	XORWF      _dd, 0
L__set_dnt40:
0x0381	0x1D03      	BTFSS      STATUS, 2
0x0382	0x2B8A      	GOTO       L_set_dnt4
;Clock.c,67 :: 		mm++;
0x0383	0x1683      	BSF        STATUS, 5
0x0384	0x0AA9      	INCF       _mm, 1
0x0385	0x1903      	BTFSC      STATUS, 2
0x0386	0x0AAA      	INCF       _mm+1, 1
;Clock.c,68 :: 		dd=0;
0x0387	0x1283      	BCF        STATUS, 5
0x0388	0x01E1      	CLRF       _dd
0x0389	0x01E2      	CLRF       _dd+1
;Clock.c,69 :: 		}
L_set_dnt4:
;Clock.c,70 :: 		if(mm==12){
0x038A	0x3000      	MOVLW      0
0x038B	0x1683      	BSF        STATUS, 5
0x038C	0x062A      	XORWF      _mm+1, 0
0x038D	0x1D03      	BTFSS      STATUS, 2
0x038E	0x2B91      	GOTO       L__set_dnt41
0x038F	0x300C      	MOVLW      12
0x0390	0x0629      	XORWF      _mm, 0
L__set_dnt41:
0x0391	0x1D03      	BTFSS      STATUS, 2
0x0392	0x2B98      	GOTO       L_set_dnt5
;Clock.c,71 :: 		yy++;
0x0393	0x0AA2      	INCF       _yy, 1
0x0394	0x1903      	BTFSC      STATUS, 2
0x0395	0x0AA3      	INCF       _yy+1, 1
;Clock.c,72 :: 		mm=0;
0x0396	0x01A9      	CLRF       _mm
0x0397	0x01AA      	CLRF       _mm+1
;Clock.c,73 :: 		}
L_set_dnt5:
;Clock.c,74 :: 		}
L_end_set_dnt:
0x0398	0x0008      	RETURN
; end of _set_dnt
___CC2DW:
;__Lib_System.c,134 :: 		
;__Lib_System.c,137 :: 		
_CC2D_Loop1:
;__Lib_System.c,139 :: 		
0x0399	0x20D6      	CALL       _____DoICP
0x039A	0x118A      	BCF        PCLATH, 3
0x039B	0x120A      	BCF        PCLATH, 4
;__Lib_System.c,141 :: 		
0x039C	0x0080      	MOVWF      INDF
;__Lib_System.c,142 :: 		
0x039D	0x0A84      	INCF       FSR, 1
;__Lib_System.c,143 :: 		
0x039E	0x0AB9      	INCF       ___DoICPAddr, 1
;__Lib_System.c,145 :: 		
0x039F	0x1903      	BTFSC      STATUS, 2
;__Lib_System.c,146 :: 		
0x03A0	0x0ABA      	INCF       ___DoICPAddr+1, 1
;__Lib_System.c,147 :: 		
0x03A1	0x03F0      	DECF       R0, 1
;__Lib_System.c,149 :: 		
0x03A2	0x1D03      	BTFSS      STATUS, 2
;__Lib_System.c,150 :: 		
0x03A3	0x2B99      	GOTO       _CC2D_Loop1
;__Lib_System.c,152 :: 		
L_end___CC2DW:
0x03A4	0x0008      	RETURN
; end of ___CC2DW
_reset:
;Clock.c,44 :: 		void reset(){
;Clock.c,45 :: 		sec = 0, min = 0,hrs= 0 ;     //Reseting  date and time
0x03A5	0x1283      	BCF        STATUS, 5
0x03A6	0x1303      	BCF        STATUS, 6
0x03A7	0x01AE      	CLRF       _sec
0x03A8	0x01AF      	CLRF       _sec+1
0x03A9	0x01B5      	CLRF       _min
0x03AA	0x01B6      	CLRF       _min+1
0x03AB	0x01B3      	CLRF       _hrs
0x03AC	0x01B4      	CLRF       _hrs+1
;Clock.c,46 :: 		dd = 1, mm = 1, yy = 0000;
0x03AD	0x3001      	MOVLW      1
0x03AE	0x00E1      	MOVWF      _dd
0x03AF	0x3000      	MOVLW      0
0x03B0	0x00E2      	MOVWF      _dd+1
0x03B1	0x3001      	MOVLW      1
0x03B2	0x1683      	BSF        STATUS, 5
0x03B3	0x00A9      	MOVWF      _mm
0x03B4	0x3000      	MOVLW      0
0x03B5	0x00AA      	MOVWF      _mm+1
0x03B6	0x01A2      	CLRF       _yy
0x03B7	0x01A3      	CLRF       _yy+1
;Clock.c,47 :: 		}
L_end_reset:
0x03B8	0x0008      	RETURN
; end of _reset
_main:
0x03B9	0x2448      	CALL       1096
;Clock.c,181 :: 		void main(){
;Clock.c,182 :: 		initialize();
0x03BA	0x231C      	CALL       _initialize
;Clock.c,183 :: 		while(1){
L_main31:
;Clock.c,184 :: 		set_dnt();
0x03BB	0x2342      	CALL       _set_dnt
;Clock.c,185 :: 		set_dnt_string();
0x03BC	0x21D7      	CALL       _set_dnt_string
;Clock.c,186 :: 		theam();
0x03BD	0x22FA      	CALL       _theam
;Clock.c,187 :: 		Lcd_Out(2,8,timearr);
0x03BE	0x3002      	MOVLW      2
0x03BF	0x1683      	BSF        STATUS, 5
0x03C0	0x00BD      	MOVWF      FARG_Lcd_Out_row
0x03C1	0x3008      	MOVLW      8
0x03C2	0x00BE      	MOVWF      FARG_Lcd_Out_column
0x03C3	0x3021      	MOVLW      _timearr
0x03C4	0x00BF      	MOVWF      FARG_Lcd_Out_text
0x03C5	0x2146      	CALL       _Lcd_Out
;Clock.c,188 :: 		blink();
0x03C6	0x22B8      	CALL       _blink
;Clock.c,189 :: 		Lcd_Out(3,8,yrarr);
0x03C7	0x3003      	MOVLW      3
0x03C8	0x1683      	BSF        STATUS, 5
0x03C9	0x1303      	BCF        STATUS, 6
0x03CA	0x00BD      	MOVWF      FARG_Lcd_Out_row
0x03CB	0x3008      	MOVLW      8
0x03CC	0x00BE      	MOVWF      FARG_Lcd_Out_column
0x03CD	0x30A4      	MOVLW      _yrarr
0x03CE	0x00BF      	MOVWF      FARG_Lcd_Out_text
0x03CF	0x2146      	CALL       _Lcd_Out
;Clock.c,190 :: 		Lcd_Out(3,17,datearr);
0x03D0	0x3003      	MOVLW      3
0x03D1	0x1683      	BSF        STATUS, 5
0x03D2	0x00BD      	MOVWF      FARG_Lcd_Out_row
0x03D3	0x3011      	MOVLW      17
0x03D4	0x00BE      	MOVWF      FARG_Lcd_Out_column
0x03D5	0x3030      	MOVLW      _datearr
0x03D6	0x00BF      	MOVWF      FARG_Lcd_Out_text
0x03D7	0x2146      	CALL       _Lcd_Out
;Clock.c,191 :: 		time_adj();
0x03D8	0x226F      	CALL       _time_adj
;Clock.c,192 :: 		}
0x03D9	0x2BBB      	GOTO       L_main31
;Clock.c,193 :: 		}
L_end_main:
0x03DA	0x2BDA      	GOTO       $+0
; end of _main
0x0448	0x3021      	MOVLW      33
0x0449	0x0084      	MOVWF      FSR
0x044A	0x304E      	MOVLW      78
0x044B	0x1283      	BCF        STATUS, 5
0x044C	0x1303      	BCF        STATUS, 6
0x044D	0x00F0      	MOVWF      R0
0x044E	0x30E0      	MOVLW      224
0x044F	0x1683      	BSF        STATUS, 5
0x0450	0x00B9      	MOVWF      ___DoICPAddr
0x0451	0x3003      	MOVLW      3
0x0452	0x00BA      	MOVWF      186
0x0453	0x2399      	CALL       921
0x0454	0x30A0      	MOVLW      160
0x0455	0x0084      	MOVWF      FSR
0x0456	0x3019      	MOVLW      25
0x0457	0x1283      	BCF        STATUS, 5
0x0458	0x00F0      	MOVWF      R0
0x0459	0x302E      	MOVLW      46
0x045A	0x1683      	BSF        STATUS, 5
0x045B	0x00B9      	MOVWF      ___DoICPAddr
0x045C	0x3004      	MOVLW      4
0x045D	0x00BA      	MOVWF      186
0x045E	0x2399      	CALL       921
0x045F	0x0008      	RETURN
;Clock.c,0 :: ?ICS_timearr
0x03E0	0x3468 ;?ICS_timearr+0
0x03E1	0x3468 ;?ICS_timearr+1
0x03E2	0x3420 ;?ICS_timearr+2
0x03E3	0x346D ;?ICS_timearr+3
0x03E4	0x346D ;?ICS_timearr+4
0x03E5	0x3420 ;?ICS_timearr+5
0x03E6	0x3473 ;?ICS_timearr+6
0x03E7	0x3473 ;?ICS_timearr+7
0x03E8	0x3400 ;?ICS_timearr+8
; end of ?ICS_timearr
;Clock.c,0 :: ?ICS?lstr6_Clock
0x03E9	0x342D ;?ICS?lstr6_Clock+0
0x03EA	0x3400 ;?ICS?lstr6_Clock+1
; end of ?ICS?lstr6_Clock
;Clock.c,0 :: ?ICS?lstr5_Clock
0x03EB	0x342D ;?ICS?lstr5_Clock+0
0x03EC	0x3400 ;?ICS?lstr5_Clock+1
; end of ?ICS?lstr5_Clock
;Clock.c,0 :: ?ICS_sec
0x03ED	0x3400 ;?ICS_sec+0
0x03EE	0x3400 ;?ICS_sec+1
; end of ?ICS_sec
;Clock.c,0 :: ?ICS_datearr
0x03EF	0x3464 ;?ICS_datearr+0
0x03F0	0x3464 ;?ICS_datearr+1
0x03F1	0x3400 ;?ICS_datearr+2
; end of ?ICS_datearr
;Clock.c,0 :: ?ICS_hrs
0x03F2	0x3400 ;?ICS_hrs+0
0x03F3	0x3400 ;?ICS_hrs+1
; end of ?ICS_hrs
;Clock.c,0 :: ?ICS_min
0x03F4	0x3400 ;?ICS_min+0
0x03F5	0x3400 ;?ICS_min+1
; end of ?ICS_min
;Clock.c,0 :: ?ICS?lstr4_Clock
0x03F6	0x342D ;?ICS?lstr4_Clock+0
0x03F7	0x342D ;?ICS?lstr4_Clock+1
0x03F8	0x342D ;?ICS?lstr4_Clock+2
0x03F9	0x342D ;?ICS?lstr4_Clock+3
0x03FA	0x342D ;?ICS?lstr4_Clock+4
0x03FB	0x3442 ;?ICS?lstr4_Clock+5
0x03FC	0x3479 ;?ICS?lstr4_Clock+6
0x03FD	0x344D ;?ICS?lstr4_Clock+7
0x03FE	0x3465 ;?ICS?lstr4_Clock+8
0x03FF	0x3474 ;?ICS?lstr4_Clock+9
0x0400	0x3468 ;?ICS?lstr4_Clock+10
0x0401	0x3473 ;?ICS?lstr4_Clock+11
0x0402	0x3461 ;?ICS?lstr4_Clock+12
0x0403	0x3472 ;?ICS?lstr4_Clock+13
0x0404	0x3461 ;?ICS?lstr4_Clock+14
0x0405	0x342D ;?ICS?lstr4_Clock+15
0x0406	0x342D ;?ICS?lstr4_Clock+16
0x0407	0x342D ;?ICS?lstr4_Clock+17
0x0408	0x342D ;?ICS?lstr4_Clock+18
0x0409	0x342D ;?ICS?lstr4_Clock+19
0x040A	0x3400 ;?ICS?lstr4_Clock+20
; end of ?ICS?lstr4_Clock
;Clock.c,0 :: ?ICS?lstr3_Clock
0x040B	0x342D ;?ICS?lstr3_Clock+0
0x040C	0x342D ;?ICS?lstr3_Clock+1
0x040D	0x342D ;?ICS?lstr3_Clock+2
0x040E	0x342D ;?ICS?lstr3_Clock+3
0x040F	0x342D ;?ICS?lstr3_Clock+4
0x0410	0x342D ;?ICS?lstr3_Clock+5
0x0411	0x342D ;?ICS?lstr3_Clock+6
0x0412	0x342D ;?ICS?lstr3_Clock+7
0x0413	0x3443 ;?ICS?lstr3_Clock+8
0x0414	0x344C ;?ICS?lstr3_Clock+9
0x0415	0x344F ;?ICS?lstr3_Clock+10
0x0416	0x3443 ;?ICS?lstr3_Clock+11
0x0417	0x344B ;?ICS?lstr3_Clock+12
0x0418	0x342D ;?ICS?lstr3_Clock+13
0x0419	0x342D ;?ICS?lstr3_Clock+14
0x041A	0x342D ;?ICS?lstr3_Clock+15
0x041B	0x342D ;?ICS?lstr3_Clock+16
0x041C	0x342D ;?ICS?lstr3_Clock+17
0x041D	0x342D ;?ICS?lstr3_Clock+18
0x041E	0x342D ;?ICS?lstr3_Clock+19
0x041F	0x3400 ;?ICS?lstr3_Clock+20
; end of ?ICS?lstr3_Clock
;Clock.c,0 :: ?ICS_dd
0x0420	0x3401 ;?ICS_dd+0
0x0421	0x3400 ;?ICS_dd+1
; end of ?ICS_dd
;Clock.c,0 :: ?ICS?lstr10_Clock
0x0422	0x3420 ;?ICS?lstr10_Clock+0
0x0423	0x3400 ;?ICS?lstr10_Clock+1
; end of ?ICS?lstr10_Clock
;Clock.c,0 :: ?ICS?lstr9_Clock
0x0424	0x343A ;?ICS?lstr9_Clock+0
0x0425	0x3400 ;?ICS?lstr9_Clock+1
; end of ?ICS?lstr9_Clock
;Clock.c,0 :: ?ICS?lstr8_Clock
0x0426	0x343A ;?ICS?lstr8_Clock+0
0x0427	0x3400 ;?ICS?lstr8_Clock+1
; end of ?ICS?lstr8_Clock
;Clock.c,0 :: ?ICS?lstr11_Clock
0x0428	0x3420 ;?ICS?lstr11_Clock+0
0x0429	0x3400 ;?ICS?lstr11_Clock+1
; end of ?ICS?lstr11_Clock
;Clock.c,0 :: ?ICS_overflows
0x042A	0x3400 ;?ICS_overflows+0
0x042B	0x3400 ;?ICS_overflows+1
; end of ?ICS_overflows
;Clock.c,0 :: ?ICS?lstr12_Clock
0x042C	0x3420 ;?ICS?lstr12_Clock+0
0x042D	0x3400 ;?ICS?lstr12_Clock+1
; end of ?ICS?lstr12_Clock
;Clock.c,0 :: ?ICS_halfsec
0x042E	0x3400 ;?ICS_halfsec+0
0x042F	0x3400 ;?ICS_halfsec+1
; end of ?ICS_halfsec
;Clock.c,0 :: ?ICS_yy
0x0430	0x3400 ;?ICS_yy+0
0x0431	0x3400 ;?ICS_yy+1
; end of ?ICS_yy
;Clock.c,0 :: ?ICS_yrarr
0x0432	0x3479 ;?ICS_yrarr+0
0x0433	0x3479 ;?ICS_yrarr+1
0x0434	0x3479 ;?ICS_yrarr+2
0x0435	0x3479 ;?ICS_yrarr+3
0x0436	0x3400 ;?ICS_yrarr+4
; end of ?ICS_yrarr
;Clock.c,0 :: ?ICS_mm
0x0437	0x3401 ;?ICS_mm+0
0x0438	0x3400 ;?ICS_mm+1
; end of ?ICS_mm
;Clock.c,0 :: ?ICS?lstr7_Clock
0x0439	0x342E ;?ICS?lstr7_Clock+0
0x043A	0x3400 ;?ICS?lstr7_Clock+1
; end of ?ICS?lstr7_Clock
;Clock.c,0 :: ?ICS?lstr2_Clock
0x043B	0x3444 ;?ICS?lstr2_Clock+0
0x043C	0x3461 ;?ICS?lstr2_Clock+1
0x043D	0x3474 ;?ICS?lstr2_Clock+2
0x043E	0x3465 ;?ICS?lstr2_Clock+3
0x043F	0x343A ;?ICS?lstr2_Clock+4
0x0440	0x3400 ;?ICS?lstr2_Clock+5
; end of ?ICS?lstr2_Clock
;Clock.c,0 :: ?ICS?lstr1_Clock
0x0441	0x3454 ;?ICS?lstr1_Clock+0
0x0442	0x3469 ;?ICS?lstr1_Clock+1
0x0443	0x346D ;?ICS?lstr1_Clock+2
0x0444	0x3465 ;?ICS?lstr1_Clock+3
0x0445	0x343A ;?ICS?lstr1_Clock+4
0x0446	0x3400 ;?ICS?lstr1_Clock+5
; end of ?ICS?lstr1_Clock
Symbol List:
//** Routines locations **
//ADDRESS    SIZE    PROCEDURE
//----------------------------------------------
0x0004      [49]    _interrupt
0x0035       [2]    _Delay_1us
0x0037      [11]    _Delay_5500us
0x0042       [8]    _Delay_50us
0x004A      [87]    _Lcd_Cmd
0x00A1       [9]    _Lcd_Chr_CP
0x00AA      [44]    _Div_16x16_S_L
0x00D6       [7]    _____DoICP
0x00DD     [105]    _Div_16x16_S
0x0146      [67]    _Lcd_Out
0x0189      [78]    _Lcd_Init
0x01D7     [152]    _set_dnt_string
0x026F      [73]    _time_adj
0x02B8      [66]    _blink
0x02FA      [34]    _theam
0x031C      [38]    _initialize
0x0342      [87]    _set_dnt
0x0399      [12]    ___CC2DW
0x03A5      [20]    _reset
0x03B9      [33]    _main
//** Variables locations ** 
//ADDRESS    SIZE    VARIABLE
//----------------------------------------------
0x0000       [1]    INDF
0x0001       [1]    TMR0
0x0002       [1]    PCL
0x0003       [1]    STATUS
0x0004       [1]    FSR
0x0006       [1]    PORTB
0x0007       [0]    RC4_bit
0x0007       [0]    RC5_bit
0x0007       [0]    RC3_bit
0x0007       [0]    RC0_bit
0x0007       [0]    RC1_bit
0x0007       [0]    RC2_bit
0x0007       [0]    LCD_D6
0x0007       [0]    LCD_D5
0x0007       [0]    LCD_D4
0x0007       [0]    LCD_D7
0x0007       [0]    LCD_RS
0x0007       [0]    LCD_EN
0x0008       [1]    PORTD
0x000A       [1]    PCLATH
0x000B       [1]    INTCON
0x000B       [0]    TMR0IF_bit
0x000B       [0]    INTF_bit
0x0021       [9]    _timearr
0x002A       [2]    ?lstr6_Clock
0x002C       [2]    ?lstr5_Clock
0x002E       [2]    _sec
0x0030       [3]    _datearr
0x0033       [2]    _hrs
0x0035       [2]    _min
0x0037      [21]    ?lstr4_Clock
0x004C      [21]    ?lstr3_Clock
0x0061       [2]    _dd
0x0063       [2]    ?lstr10_Clock
0x0065       [2]    ?lstr9_Clock
0x0067       [2]    ?lstr8_Clock
0x0069       [2]    ?lstr11_Clock
0x006B       [2]    _overflows
0x006D       [2]    ?lstr12_Clock
0x006F       [0]    __Lib_Lcd_cmd_status
0x0070       [1]    R0
0x0071       [1]    R1
0x0072       [1]    R2
0x0073       [1]    R3
0x0074       [1]    R4
0x0075       [1]    R5
0x0076       [1]    R6
0x0077       [1]    R7
0x0078       [1]    R8
0x0079       [1]    R9
0x007A       [1]    R10
0x007B       [1]    R11
0x007C       [1]    R12
0x007D       [1]    R13
0x007E       [1]    R14
0x007F       [1]    R15
0x0081       [1]    OPTION_REG
0x0087       [0]    TRISC1_bit
0x0087       [0]    LCD_D4_Direction
0x0087       [0]    TRISC2_bit
0x0087       [0]    LCD_D7_Direction
0x0087       [0]    LCD_D6_Direction
0x0087       [0]    TRISC0_bit
0x0087       [0]    TRISC3_bit
0x0087       [0]    TRISC4_bit
0x0087       [0]    LCD_RS_Direction
0x0087       [0]    TRISC5_bit
0x0087       [0]    LCD_EN_Direction
0x0087       [0]    LCD_D5_Direction
0x0088       [1]    TRISD
0x00A0       [2]    _halfsec
0x00A2       [2]    _yy
0x00A4       [5]    _yrarr
0x00A9       [2]    _mm
0x00AB       [2]    ?lstr7_Clock
0x00AD       [6]    ?lstr2_Clock
0x00B3       [6]    ?lstr1_Clock
0x00B9       [2]    ___DoICPAddr
0x00BB       [1]    ___savePCLATH
0x00BC       [1]    ___saveSTATUS
0x00BD       [1]    FARG_Lcd_Out_row
0x00BE       [1]    FARG_Lcd_Out_column
0x00BF       [1]    FARG_Lcd_Out_text
0x00C0       [1]    Lcd_Out_i_L0
0x00C1       [1]    FARG_Lcd_Chr_CP_out_char
0x00C2       [1]    FARG_Lcd_Cmd_out_char
//** Constants locations ** 
//ADDRESS    SIZE    CONSTANT
//----------------------------------------------
0x03E0       [9]    ?ICS_timearr
0x03E9       [2]    ?ICS?lstr6_Clock
0x03EB       [2]    ?ICS?lstr5_Clock
0x03ED       [2]    ?ICS_sec
0x03EF       [3]    ?ICS_datearr
0x03F2       [2]    ?ICS_hrs
0x03F4       [2]    ?ICS_min
0x03F6      [21]    ?ICS?lstr4_Clock
0x040B      [21]    ?ICS?lstr3_Clock
0x0420       [2]    ?ICS_dd
0x0422       [2]    ?ICS?lstr10_Clock
0x0424       [2]    ?ICS?lstr9_Clock
0x0426       [2]    ?ICS?lstr8_Clock
0x0428       [2]    ?ICS?lstr11_Clock
0x042A       [2]    ?ICS_overflows
0x042C       [2]    ?ICS?lstr12_Clock
0x042E       [2]    ?ICS_halfsec
0x0430       [2]    ?ICS_yy
0x0432       [5]    ?ICS_yrarr
0x0437       [2]    ?ICS_mm
0x0439       [2]    ?ICS?lstr7_Clock
0x043B       [6]    ?ICS?lstr2_Clock
0x0441       [6]    ?ICS?lstr1_Clock
